{"/Users/kripton/Desktop/js/frontend-project-lvl2/src/index.js": {"path":"/Users/kripton/Desktop/js/frontend-project-lvl2/src/index.js","all":false,"statementMap":{"0":{"start":{"line":1,"column":0},"end":{"line":1,"column":23}},"1":{"start":{"line":2,"column":0},"end":{"line":2,"column":20}},"2":{"start":{"line":3,"column":0},"end":{"line":3,"column":24}},"3":{"start":{"line":4,"column":0},"end":{"line":4,"column":0}},"4":{"start":{"line":5,"column":0},"end":{"line":5,"column":39}},"5":{"start":{"line":6,"column":0},"end":{"line":6,"column":53}},"6":{"start":{"line":7,"column":0},"end":{"line":7,"column":53}},"7":{"start":{"line":8,"column":0},"end":{"line":8,"column":0}},"8":{"start":{"line":9,"column":0},"end":{"line":9,"column":50}},"9":{"start":{"line":10,"column":0},"end":{"line":10,"column":66}},"10":{"start":{"line":11,"column":0},"end":{"line":11,"column":51}},"11":{"start":{"line":12,"column":0},"end":{"line":12,"column":17}},"12":{"start":{"line":13,"column":0},"end":{"line":13,"column":5}},"13":{"start":{"line":14,"column":0},"end":{"line":14,"column":49}},"14":{"start":{"line":15,"column":0},"end":{"line":15,"column":15}},"15":{"start":{"line":16,"column":0},"end":{"line":16,"column":9}},"16":{"start":{"line":17,"column":0},"end":{"line":17,"column":46}},"17":{"start":{"line":18,"column":0},"end":{"line":18,"column":66}},"18":{"start":{"line":19,"column":0},"end":{"line":19,"column":17}},"19":{"start":{"line":20,"column":0},"end":{"line":20,"column":5}},"20":{"start":{"line":21,"column":0},"end":{"line":21,"column":49}},"21":{"start":{"line":22,"column":0},"end":{"line":22,"column":15}},"22":{"start":{"line":23,"column":0},"end":{"line":23,"column":18}},"23":{"start":{"line":24,"column":0},"end":{"line":24,"column":27}},"24":{"start":{"line":25,"column":0},"end":{"line":25,"column":30}},"25":{"start":{"line":26,"column":0},"end":{"line":26,"column":22}},"26":{"start":{"line":27,"column":0},"end":{"line":27,"column":16}},"27":{"start":{"line":28,"column":0},"end":{"line":28,"column":5}},"28":{"start":{"line":29,"column":0},"end":{"line":29,"column":13}},"29":{"start":{"line":30,"column":0},"end":{"line":30,"column":5}},"30":{"start":{"line":31,"column":0},"end":{"line":31,"column":0}},"31":{"start":{"line":32,"column":0},"end":{"line":32,"column":55}},"32":{"start":{"line":33,"column":0},"end":{"line":33,"column":76}},"33":{"start":{"line":34,"column":0},"end":{"line":34,"column":19}},"34":{"start":{"line":35,"column":0},"end":{"line":35,"column":2}},"35":{"start":{"line":36,"column":0},"end":{"line":36,"column":32}},"36":{"start":{"line":37,"column":0},"end":{"line":37,"column":152}},"37":{"start":{"line":38,"column":0},"end":{"line":38,"column":43}},"38":{"start":{"line":39,"column":0},"end":{"line":39,"column":36}},"39":{"start":{"line":40,"column":0},"end":{"line":40,"column":36}},"40":{"start":{"line":41,"column":0},"end":{"line":41,"column":61}},"41":{"start":{"line":42,"column":0},"end":{"line":42,"column":55}},"42":{"start":{"line":43,"column":0},"end":{"line":43,"column":2}},"43":{"start":{"line":44,"column":0},"end":{"line":44,"column":0}},"44":{"start":{"line":45,"column":0},"end":{"line":45,"column":23}}},"s":{"0":1,"1":1,"2":1,"3":1,"4":1,"5":2,"6":2,"7":2,"8":2,"9":8,"10":2,"11":2,"12":2,"13":8,"14":8,"15":2,"16":2,"17":6,"18":2,"19":2,"20":6,"21":6,"22":2,"23":2,"24":2,"25":20,"26":8,"27":8,"28":20,"29":20,"30":2,"31":2,"32":2,"33":2,"34":2,"35":1,"36":1,"37":1,"38":1,"39":1,"40":1,"41":1,"42":1,"43":1,"44":1},"branchMap":{"0":{"type":"branch","line":5,"loc":{"start":{"line":5,"column":16},"end":{"line":35,"column":2}},"locations":[{"start":{"line":5,"column":16},"end":{"line":35,"column":2}}]},"1":{"type":"branch","line":9,"loc":{"start":{"line":9,"column":34},"end":{"line":16,"column":5}},"locations":[{"start":{"line":9,"column":34},"end":{"line":16,"column":5}}]},"2":{"type":"branch","line":10,"loc":{"start":{"line":10,"column":8},"end":{"line":10,"column":58}},"locations":[{"start":{"line":10,"column":8},"end":{"line":10,"column":58}}]},"3":{"type":"branch","line":10,"loc":{"start":{"line":10,"column":65},"end":{"line":13,"column":5}},"locations":[{"start":{"line":10,"column":65},"end":{"line":13,"column":5}}]},"4":{"type":"branch","line":17,"loc":{"start":{"line":17,"column":30},"end":{"line":23,"column":5}},"locations":[{"start":{"line":17,"column":30},"end":{"line":23,"column":5}}]},"5":{"type":"branch","line":18,"loc":{"start":{"line":18,"column":8},"end":{"line":18,"column":58}},"locations":[{"start":{"line":18,"column":8},"end":{"line":18,"column":58}}]},"6":{"type":"branch","line":18,"loc":{"start":{"line":18,"column":65},"end":{"line":20,"column":5}},"locations":[{"start":{"line":18,"column":65},"end":{"line":20,"column":5}}]},"7":{"type":"branch","line":25,"loc":{"start":{"line":25,"column":19},"end":{"line":30,"column":5}},"locations":[{"start":{"line":25,"column":19},"end":{"line":30,"column":5}}]},"8":{"type":"branch","line":26,"loc":{"start":{"line":26,"column":21},"end":{"line":28,"column":5}},"locations":[{"start":{"line":26,"column":21},"end":{"line":28,"column":5}}]},"9":{"type":"branch","line":37,"loc":{"start":{"line":37,"column":18},"end":{"line":37,"column":102}},"locations":[{"start":{"line":37,"column":18},"end":{"line":37,"column":102}}]},"10":{"type":"branch","line":37,"loc":{"start":{"line":37,"column":32},"end":{"line":37,"column":66}},"locations":[{"start":{"line":37,"column":32},"end":{"line":37,"column":66}}]},"11":{"type":"branch","line":38,"loc":{"start":{"line":38,"column":16},"end":{"line":43,"column":2}},"locations":[{"start":{"line":38,"column":16},"end":{"line":43,"column":2}}]}},"b":{"0":[2],"1":[8],"2":[4],"3":[2],"4":[6],"5":[4],"6":[2],"7":[20],"8":[8],"9":[2],"10":[0],"11":[1]},"fnMap":{"0":{"name":"isEqual","decl":{"start":{"line":5,"column":16},"end":{"line":35,"column":2}},"loc":{"start":{"line":5,"column":16},"end":{"line":35,"column":2}},"line":5},"1":{"name":"filePath","decl":{"start":{"line":37,"column":18},"end":{"line":37,"column":102}},"loc":{"start":{"line":37,"column":18},"end":{"line":37,"column":102}},"line":37},"2":{"name":"compare","decl":{"start":{"line":38,"column":16},"end":{"line":43,"column":2}},"loc":{"start":{"line":38,"column":16},"end":{"line":43,"column":2}},"line":38}},"f":{"0":2,"1":2,"2":1}}
}
