{"/Users/kripton/Desktop/js/frontend-project-lvl2/src/compare.js": {"path":"/Users/kripton/Desktop/js/frontend-project-lvl2/src/compare.js","all":false,"statementMap":{"0":{"start":{"line":1,"column":0},"end":{"line":1,"column":23}},"1":{"start":{"line":2,"column":0},"end":{"line":2,"column":0}},"2":{"start":{"line":3,"column":0},"end":{"line":3,"column":39}},"3":{"start":{"line":4,"column":0},"end":{"line":4,"column":37}},"4":{"start":{"line":5,"column":0},"end":{"line":5,"column":37}},"5":{"start":{"line":6,"column":0},"end":{"line":6,"column":53}},"6":{"start":{"line":7,"column":0},"end":{"line":7,"column":65}},"7":{"start":{"line":8,"column":0},"end":{"line":8,"column":84}},"8":{"start":{"line":9,"column":0},"end":{"line":9,"column":40}},"9":{"start":{"line":10,"column":0},"end":{"line":10,"column":53}},"10":{"start":{"line":11,"column":0},"end":{"line":11,"column":38}},"11":{"start":{"line":12,"column":0},"end":{"line":12,"column":38}},"12":{"start":{"line":13,"column":0},"end":{"line":13,"column":87}},"13":{"start":{"line":14,"column":0},"end":{"line":14,"column":29}},"14":{"start":{"line":15,"column":0},"end":{"line":15,"column":73}},"15":{"start":{"line":16,"column":0},"end":{"line":16,"column":22}},"16":{"start":{"line":17,"column":0},"end":{"line":17,"column":16}},"17":{"start":{"line":18,"column":0},"end":{"line":18,"column":21}},"18":{"start":{"line":19,"column":0},"end":{"line":19,"column":56}},"19":{"start":{"line":20,"column":0},"end":{"line":20,"column":10}},"20":{"start":{"line":21,"column":0},"end":{"line":21,"column":8}},"21":{"start":{"line":22,"column":0},"end":{"line":22,"column":35}},"22":{"start":{"line":23,"column":0},"end":{"line":23,"column":5}},"23":{"start":{"line":24,"column":0},"end":{"line":24,"column":36}},"24":{"start":{"line":25,"column":0},"end":{"line":25,"column":40}},"25":{"start":{"line":26,"column":0},"end":{"line":26,"column":22}},"26":{"start":{"line":27,"column":0},"end":{"line":27,"column":16}},"27":{"start":{"line":28,"column":0},"end":{"line":28,"column":21}},"28":{"start":{"line":29,"column":0},"end":{"line":29,"column":27}},"29":{"start":{"line":30,"column":0},"end":{"line":30,"column":30}},"30":{"start":{"line":31,"column":0},"end":{"line":31,"column":10}},"31":{"start":{"line":32,"column":0},"end":{"line":32,"column":8}},"32":{"start":{"line":33,"column":0},"end":{"line":33,"column":35}},"33":{"start":{"line":34,"column":0},"end":{"line":34,"column":5}},"34":{"start":{"line":35,"column":0},"end":{"line":35,"column":45}},"35":{"start":{"line":36,"column":0},"end":{"line":36,"column":53}},"36":{"start":{"line":37,"column":0},"end":{"line":37,"column":22}},"37":{"start":{"line":38,"column":0},"end":{"line":38,"column":16}},"38":{"start":{"line":39,"column":0},"end":{"line":39,"column":21}},"39":{"start":{"line":40,"column":0},"end":{"line":40,"column":25}},"40":{"start":{"line":41,"column":0},"end":{"line":41,"column":46}},"41":{"start":{"line":42,"column":0},"end":{"line":42,"column":10}},"42":{"start":{"line":43,"column":0},"end":{"line":43,"column":8}},"43":{"start":{"line":44,"column":0},"end":{"line":44,"column":35}},"44":{"start":{"line":45,"column":0},"end":{"line":45,"column":5}},"45":{"start":{"line":46,"column":0},"end":{"line":46,"column":85}},"46":{"start":{"line":47,"column":0},"end":{"line":47,"column":30}},"47":{"start":{"line":48,"column":0},"end":{"line":48,"column":22}},"48":{"start":{"line":49,"column":0},"end":{"line":49,"column":16}},"49":{"start":{"line":50,"column":0},"end":{"line":50,"column":21}},"50":{"start":{"line":51,"column":0},"end":{"line":51,"column":21}},"51":{"start":{"line":52,"column":0},"end":{"line":52,"column":30}},"52":{"start":{"line":53,"column":0},"end":{"line":53,"column":10}},"53":{"start":{"line":54,"column":0},"end":{"line":54,"column":8}},"54":{"start":{"line":55,"column":0},"end":{"line":55,"column":35}},"55":{"start":{"line":56,"column":0},"end":{"line":56,"column":5}},"56":{"start":{"line":57,"column":0},"end":{"line":57,"column":86}},"57":{"start":{"line":58,"column":0},"end":{"line":58,"column":30}},"58":{"start":{"line":59,"column":0},"end":{"line":59,"column":22}},"59":{"start":{"line":60,"column":0},"end":{"line":60,"column":16}},"60":{"start":{"line":61,"column":0},"end":{"line":61,"column":21}},"61":{"start":{"line":62,"column":0},"end":{"line":62,"column":23}},"62":{"start":{"line":63,"column":0},"end":{"line":63,"column":30}},"63":{"start":{"line":64,"column":0},"end":{"line":64,"column":10}},"64":{"start":{"line":65,"column":0},"end":{"line":65,"column":8}},"65":{"start":{"line":66,"column":0},"end":{"line":66,"column":35}},"66":{"start":{"line":67,"column":0},"end":{"line":67,"column":5}},"67":{"start":{"line":68,"column":0},"end":{"line":68,"column":15}},"68":{"start":{"line":69,"column":0},"end":{"line":69,"column":9}},"69":{"start":{"line":70,"column":0},"end":{"line":70,"column":58}},"70":{"start":{"line":71,"column":0},"end":{"line":71,"column":20}},"71":{"start":{"line":72,"column":0},"end":{"line":72,"column":2}},"72":{"start":{"line":73,"column":0},"end":{"line":73,"column":0}},"73":{"start":{"line":74,"column":0},"end":{"line":74,"column":23}}},"s":{"0":1,"1":1,"2":1,"3":42,"4":42,"5":42,"6":42,"7":42,"8":42,"9":42,"10":168,"11":168,"12":168,"13":168,"14":168,"15":36,"16":36,"17":36,"18":36,"19":36,"20":36,"21":36,"22":36,"23":168,"24":168,"25":18,"26":18,"27":18,"28":18,"29":18,"30":18,"31":18,"32":18,"33":18,"34":168,"35":168,"36":54,"37":54,"38":54,"39":54,"40":54,"41":54,"42":54,"43":54,"44":54,"45":168,"46":168,"47":18,"48":18,"49":18,"50":18,"51":18,"52":18,"53":18,"54":18,"55":18,"56":42,"57":42,"58":42,"59":42,"60":42,"61":42,"62":42,"63":42,"64":42,"65":42,"66":42,"67":168,"68":42,"69":42,"70":42,"71":1,"72":1,"73":1},"branchMap":{"0":{"type":"branch","line":1,"loc":{"start":{"line":1,"column":0},"end":{"line":74,"column":23}},"locations":[{"start":{"line":1,"column":0},"end":{"line":74,"column":23}}]},"1":{"type":"branch","line":3,"loc":{"start":{"line":3,"column":16},"end":{"line":72,"column":1}},"locations":[{"start":{"line":3,"column":16},"end":{"line":72,"column":1}}]},"2":{"type":"branch","line":10,"loc":{"start":{"line":10,"column":38},"end":{"line":69,"column":3}},"locations":[{"start":{"line":10,"column":38},"end":{"line":69,"column":3}}]},"3":{"type":"branch","line":15,"loc":{"start":{"line":15,"column":38},"end":{"line":15,"column":70}},"locations":[{"start":{"line":15,"column":38},"end":{"line":15,"column":70}}]},"4":{"type":"branch","line":15,"loc":{"start":{"line":15,"column":72},"end":{"line":23,"column":5}},"locations":[{"start":{"line":15,"column":72},"end":{"line":23,"column":5}}]},"5":{"type":"branch","line":25,"loc":{"start":{"line":25,"column":39},"end":{"line":34,"column":5}},"locations":[{"start":{"line":25,"column":39},"end":{"line":34,"column":5}}]},"6":{"type":"branch","line":36,"loc":{"start":{"line":36,"column":28},"end":{"line":36,"column":50}},"locations":[{"start":{"line":36,"column":28},"end":{"line":36,"column":50}}]},"7":{"type":"branch","line":36,"loc":{"start":{"line":36,"column":52},"end":{"line":45,"column":5}},"locations":[{"start":{"line":36,"column":52},"end":{"line":45,"column":5}}]},"8":{"type":"branch","line":47,"loc":{"start":{"line":47,"column":29},"end":{"line":56,"column":5}},"locations":[{"start":{"line":47,"column":29},"end":{"line":56,"column":5}}]},"9":{"type":"branch","line":57,"loc":{"start":{"line":57,"column":-1},"end":{"line":67,"column":5}},"locations":[{"start":{"line":57,"column":-1},"end":{"line":67,"column":5}}]}},"b":{"0":[1],"1":[42],"2":[168],"3":[48],"4":[36],"5":[18],"6":[72],"7":[54],"8":[18],"9":[42]},"fnMap":{"0":{"name":"compare","decl":{"start":{"line":3,"column":16},"end":{"line":72,"column":1}},"loc":{"start":{"line":3,"column":16},"end":{"line":72,"column":1}},"line":3}},"f":{"0":42}}
,"/Users/kripton/Desktop/js/frontend-project-lvl2/src/index.js": {"path":"/Users/kripton/Desktop/js/frontend-project-lvl2/src/index.js","all":false,"statementMap":{"0":{"start":{"line":1,"column":0},"end":{"line":1,"column":20}},"1":{"start":{"line":2,"column":0},"end":{"line":2,"column":24}},"2":{"start":{"line":3,"column":0},"end":{"line":3,"column":24}},"3":{"start":{"line":4,"column":0},"end":{"line":4,"column":41}},"4":{"start":{"line":5,"column":0},"end":{"line":5,"column":35}},"5":{"start":{"line":6,"column":0},"end":{"line":6,"column":0}},"6":{"start":{"line":7,"column":0},"end":{"line":7,"column":31}},"7":{"start":{"line":8,"column":0},"end":{"line":8,"column":42}},"8":{"start":{"line":9,"column":0},"end":{"line":9,"column":49}},"9":{"start":{"line":10,"column":0},"end":{"line":10,"column":75}},"10":{"start":{"line":11,"column":0},"end":{"line":11,"column":78}},"11":{"start":{"line":12,"column":0},"end":{"line":12,"column":88}},"12":{"start":{"line":13,"column":0},"end":{"line":13,"column":35}},"13":{"start":{"line":14,"column":0},"end":{"line":14,"column":28}},"14":{"start":{"line":15,"column":0},"end":{"line":15,"column":3}},"15":{"start":{"line":16,"column":0},"end":{"line":16,"column":64}},"16":{"start":{"line":17,"column":0},"end":{"line":17,"column":28}},"17":{"start":{"line":18,"column":0},"end":{"line":18,"column":3}},"18":{"start":{"line":19,"column":0},"end":{"line":19,"column":50}},"19":{"start":{"line":20,"column":0},"end":{"line":20,"column":2}},"20":{"start":{"line":21,"column":0},"end":{"line":21,"column":0}},"21":{"start":{"line":22,"column":0},"end":{"line":22,"column":55}},"22":{"start":{"line":23,"column":0},"end":{"line":23,"column":35}},"23":{"start":{"line":24,"column":0},"end":{"line":24,"column":35}},"24":{"start":{"line":25,"column":0},"end":{"line":25,"column":37}},"25":{"start":{"line":26,"column":0},"end":{"line":26,"column":40}},"26":{"start":{"line":27,"column":0},"end":{"line":27,"column":22}},"27":{"start":{"line":28,"column":0},"end":{"line":28,"column":16}},"28":{"start":{"line":29,"column":0},"end":{"line":29,"column":2}},"29":{"start":{"line":30,"column":0},"end":{"line":30,"column":0}},"30":{"start":{"line":31,"column":0},"end":{"line":31,"column":23}}},"s":{"0":1,"1":1,"2":1,"3":1,"4":1,"5":1,"6":1,"7":12,"8":12,"9":12,"10":12,"11":12,"12":12,"13":6,"14":6,"15":12,"16":6,"17":6,"18":0,"19":1,"20":1,"21":1,"22":6,"23":6,"24":6,"25":6,"26":6,"27":6,"28":1,"29":1,"30":1},"branchMap":{"0":{"type":"branch","line":1,"loc":{"start":{"line":1,"column":0},"end":{"line":31,"column":23}},"locations":[{"start":{"line":1,"column":0},"end":{"line":31,"column":23}}]},"1":{"type":"branch","line":7,"loc":{"start":{"line":7,"column":16},"end":{"line":20,"column":1}},"locations":[{"start":{"line":7,"column":16},"end":{"line":20,"column":1}}]},"2":{"type":"branch","line":13,"loc":{"start":{"line":13,"column":34},"end":{"line":16,"column":61}},"locations":[{"start":{"line":13,"column":34},"end":{"line":16,"column":61}}]},"3":{"type":"branch","line":16,"loc":{"start":{"line":16,"column":63},"end":{"line":18,"column":3}},"locations":[{"start":{"line":16,"column":63},"end":{"line":18,"column":3}}]},"4":{"type":"branch","line":19,"loc":{"start":{"line":19,"column":-1},"end":{"line":20,"column":0}},"locations":[{"start":{"line":19,"column":-1},"end":{"line":20,"column":0}}]},"5":{"type":"branch","line":22,"loc":{"start":{"line":22,"column":16},"end":{"line":29,"column":1}},"locations":[{"start":{"line":22,"column":16},"end":{"line":29,"column":1}}]}},"b":{"0":[1],"1":[12],"2":[6],"3":[6],"4":[0],"5":[6]},"fnMap":{"0":{"name":"getData","decl":{"start":{"line":7,"column":16},"end":{"line":20,"column":1}},"loc":{"start":{"line":7,"column":16},"end":{"line":20,"column":1}},"line":7},"1":{"name":"genDiff","decl":{"start":{"line":22,"column":16},"end":{"line":29,"column":1}},"loc":{"start":{"line":22,"column":16},"end":{"line":29,"column":1}},"line":22}},"f":{"0":12,"1":6}}
,"/Users/kripton/Desktop/js/frontend-project-lvl2/src/formatters/index.js": {"path":"/Users/kripton/Desktop/js/frontend-project-lvl2/src/formatters/index.js","all":false,"statementMap":{"0":{"start":{"line":1,"column":0},"end":{"line":1,"column":35}},"1":{"start":{"line":2,"column":0},"end":{"line":2,"column":31}},"2":{"start":{"line":3,"column":0},"end":{"line":3,"column":0}},"3":{"start":{"line":4,"column":0},"end":{"line":4,"column":38}},"4":{"start":{"line":5,"column":0},"end":{"line":5,"column":23}},"5":{"start":{"line":6,"column":0},"end":{"line":6,"column":17}},"6":{"start":{"line":7,"column":0},"end":{"line":7,"column":25}},"7":{"start":{"line":8,"column":0},"end":{"line":8,"column":16}},"8":{"start":{"line":9,"column":0},"end":{"line":9,"column":34}},"9":{"start":{"line":10,"column":0},"end":{"line":10,"column":19}},"10":{"start":{"line":11,"column":0},"end":{"line":11,"column":27}},"11":{"start":{"line":12,"column":0},"end":{"line":12,"column":12}},"12":{"start":{"line":13,"column":0},"end":{"line":13,"column":58}},"13":{"start":{"line":14,"column":0},"end":{"line":14,"column":85}},"14":{"start":{"line":15,"column":0},"end":{"line":15,"column":3}},"15":{"start":{"line":16,"column":0},"end":{"line":16,"column":2}}},"s":{"0":1,"1":1,"2":1,"3":1,"4":6,"5":6,"6":2,"7":6,"8":2,"9":6,"10":2,"11":6,"12":0,"13":6,"14":6,"15":1},"branchMap":{"0":{"type":"branch","line":1,"loc":{"start":{"line":1,"column":0},"end":{"line":16,"column":2}},"locations":[{"start":{"line":1,"column":0},"end":{"line":16,"column":2}}]},"1":{"type":"branch","line":4,"loc":{"start":{"line":4,"column":15},"end":{"line":16,"column":1}},"locations":[{"start":{"line":4,"column":15},"end":{"line":16,"column":1}}]},"2":{"type":"branch","line":6,"loc":{"start":{"line":6,"column":4},"end":{"line":7,"column":25}},"locations":[{"start":{"line":6,"column":4},"end":{"line":7,"column":25}}]},"3":{"type":"branch","line":8,"loc":{"start":{"line":8,"column":4},"end":{"line":9,"column":34}},"locations":[{"start":{"line":8,"column":4},"end":{"line":9,"column":34}}]},"4":{"type":"branch","line":10,"loc":{"start":{"line":10,"column":4},"end":{"line":11,"column":27}},"locations":[{"start":{"line":10,"column":4},"end":{"line":11,"column":27}}]},"5":{"type":"branch","line":12,"loc":{"start":{"line":12,"column":4},"end":{"line":13,"column":58}},"locations":[{"start":{"line":12,"column":4},"end":{"line":13,"column":58}}]}},"b":{"0":[1],"1":[6],"2":[2],"3":[2],"4":[2],"5":[0]},"fnMap":{"0":{"name":"default","decl":{"start":{"line":4,"column":15},"end":{"line":16,"column":1}},"loc":{"start":{"line":4,"column":15},"end":{"line":16,"column":1}},"line":4}},"f":{"0":6}}
,"/Users/kripton/Desktop/js/frontend-project-lvl2/src/formatters/plain.js": {"path":"/Users/kripton/Desktop/js/frontend-project-lvl2/src/formatters/plain.js","all":false,"statementMap":{"0":{"start":{"line":1,"column":0},"end":{"line":1,"column":23}},"1":{"start":{"line":2,"column":0},"end":{"line":2,"column":0}},"2":{"start":{"line":3,"column":0},"end":{"line":3,"column":35}},"3":{"start":{"line":4,"column":0},"end":{"line":4,"column":35}},"4":{"start":{"line":5,"column":0},"end":{"line":5,"column":25}},"5":{"start":{"line":6,"column":0},"end":{"line":6,"column":18}},"6":{"start":{"line":7,"column":0},"end":{"line":7,"column":26}},"7":{"start":{"line":8,"column":0},"end":{"line":8,"column":18}},"8":{"start":{"line":9,"column":0},"end":{"line":9,"column":24}},"9":{"start":{"line":10,"column":0},"end":{"line":10,"column":19}},"10":{"start":{"line":11,"column":0},"end":{"line":11,"column":24}},"11":{"start":{"line":12,"column":0},"end":{"line":12,"column":18}},"12":{"start":{"line":13,"column":0},"end":{"line":13,"column":31}},"13":{"start":{"line":14,"column":0},"end":{"line":14,"column":12}},"14":{"start":{"line":15,"column":0},"end":{"line":15,"column":46}},"15":{"start":{"line":16,"column":0},"end":{"line":16,"column":3}},"16":{"start":{"line":17,"column":0},"end":{"line":17,"column":2}},"17":{"start":{"line":18,"column":0},"end":{"line":18,"column":0}},"18":{"start":{"line":19,"column":0},"end":{"line":19,"column":25}},"19":{"start":{"line":20,"column":0},"end":{"line":20,"column":40}},"20":{"start":{"line":21,"column":0},"end":{"line":21,"column":28}},"21":{"start":{"line":22,"column":0},"end":{"line":22,"column":23}},"22":{"start":{"line":23,"column":0},"end":{"line":23,"column":5}},"23":{"start":{"line":24,"column":0},"end":{"line":24,"column":0}},"24":{"start":{"line":25,"column":0},"end":{"line":25,"column":24}},"25":{"start":{"line":26,"column":0},"end":{"line":26,"column":20}},"26":{"start":{"line":27,"column":0},"end":{"line":27,"column":28}},"27":{"start":{"line":28,"column":0},"end":{"line":28,"column":34}},"28":{"start":{"line":29,"column":0},"end":{"line":29,"column":57}},"29":{"start":{"line":30,"column":0},"end":{"line":30,"column":9}},"30":{"start":{"line":31,"column":0},"end":{"line":31,"column":28}},"31":{"start":{"line":32,"column":0},"end":{"line":32,"column":23}},"32":{"start":{"line":33,"column":0},"end":{"line":33,"column":100}},"33":{"start":{"line":34,"column":0},"end":{"line":34,"column":21}},"34":{"start":{"line":35,"column":0},"end":{"line":35,"column":61}},"35":{"start":{"line":36,"column":0},"end":{"line":36,"column":25}},"36":{"start":{"line":37,"column":0},"end":{"line":37,"column":134}},"37":{"start":{"line":38,"column":0},"end":{"line":38,"column":18}},"38":{"start":{"line":39,"column":0},"end":{"line":39,"column":22}},"39":{"start":{"line":40,"column":0},"end":{"line":40,"column":9}},"40":{"start":{"line":41,"column":0},"end":{"line":41,"column":9}},"41":{"start":{"line":42,"column":0},"end":{"line":42,"column":58}},"42":{"start":{"line":43,"column":0},"end":{"line":43,"column":4}},"43":{"start":{"line":44,"column":0},"end":{"line":44,"column":20}},"44":{"start":{"line":45,"column":0},"end":{"line":45,"column":2}},"45":{"start":{"line":46,"column":0},"end":{"line":46,"column":0}},"46":{"start":{"line":47,"column":0},"end":{"line":47,"column":21}}},"s":{"0":1,"1":1,"2":1,"3":50,"4":46,"5":50,"6":24,"7":50,"8":4,"9":50,"10":10,"11":50,"12":8,"13":50,"14":0,"15":50,"16":1,"17":1,"18":1,"19":2,"20":14,"21":0,"22":0,"23":14,"24":14,"25":14,"26":14,"27":56,"28":12,"29":12,"30":56,"31":56,"32":14,"33":56,"34":6,"35":56,"36":18,"37":56,"38":6,"39":56,"40":14,"41":14,"42":2,"43":2,"44":1,"45":1,"46":1},"branchMap":{"0":{"type":"branch","line":1,"loc":{"start":{"line":1,"column":0},"end":{"line":47,"column":21}},"locations":[{"start":{"line":1,"column":0},"end":{"line":47,"column":21}}]},"1":{"type":"branch","line":3,"loc":{"start":{"line":3,"column":23},"end":{"line":17,"column":1}},"locations":[{"start":{"line":3,"column":23},"end":{"line":17,"column":1}}]},"2":{"type":"branch","line":4,"loc":{"start":{"line":4,"column":22},"end":{"line":4,"column":35}},"locations":[{"start":{"line":4,"column":22},"end":{"line":4,"column":35}}]},"3":{"type":"branch","line":5,"loc":{"start":{"line":5,"column":-1},"end":{"line":6,"column":4}},"locations":[{"start":{"line":5,"column":-1},"end":{"line":6,"column":4}}]},"4":{"type":"branch","line":6,"loc":{"start":{"line":6,"column":4},"end":{"line":7,"column":26}},"locations":[{"start":{"line":6,"column":4},"end":{"line":7,"column":26}}]},"5":{"type":"branch","line":8,"loc":{"start":{"line":8,"column":4},"end":{"line":9,"column":24}},"locations":[{"start":{"line":8,"column":4},"end":{"line":9,"column":24}}]},"6":{"type":"branch","line":10,"loc":{"start":{"line":10,"column":4},"end":{"line":11,"column":24}},"locations":[{"start":{"line":10,"column":4},"end":{"line":11,"column":24}}]},"7":{"type":"branch","line":12,"loc":{"start":{"line":12,"column":4},"end":{"line":13,"column":31}},"locations":[{"start":{"line":12,"column":4},"end":{"line":13,"column":31}}]},"8":{"type":"branch","line":14,"loc":{"start":{"line":14,"column":4},"end":{"line":15,"column":46}},"locations":[{"start":{"line":14,"column":4},"end":{"line":15,"column":46}}]},"9":{"type":"branch","line":19,"loc":{"start":{"line":19,"column":14},"end":{"line":45,"column":1}},"locations":[{"start":{"line":19,"column":14},"end":{"line":45,"column":1}}]},"10":{"type":"branch","line":20,"loc":{"start":{"line":20,"column":15},"end":{"line":43,"column":3}},"locations":[{"start":{"line":20,"column":15},"end":{"line":43,"column":3}}]},"11":{"type":"branch","line":21,"loc":{"start":{"line":21,"column":27},"end":{"line":23,"column":5}},"locations":[{"start":{"line":21,"column":27},"end":{"line":23,"column":5}}]},"12":{"type":"branch","line":27,"loc":{"start":{"line":27,"column":11},"end":{"line":41,"column":7}},"locations":[{"start":{"line":27,"column":11},"end":{"line":41,"column":7}}]},"13":{"type":"branch","line":28,"loc":{"start":{"line":28,"column":33},"end":{"line":30,"column":9}},"locations":[{"start":{"line":28,"column":33},"end":{"line":30,"column":9}}]},"14":{"type":"branch","line":32,"loc":{"start":{"line":32,"column":10},"end":{"line":33,"column":100}},"locations":[{"start":{"line":32,"column":10},"end":{"line":33,"column":100}}]},"15":{"type":"branch","line":34,"loc":{"start":{"line":34,"column":10},"end":{"line":35,"column":61}},"locations":[{"start":{"line":34,"column":10},"end":{"line":35,"column":61}}]},"16":{"type":"branch","line":36,"loc":{"start":{"line":36,"column":10},"end":{"line":37,"column":134}},"locations":[{"start":{"line":36,"column":10},"end":{"line":37,"column":134}}]},"17":{"type":"branch","line":38,"loc":{"start":{"line":38,"column":10},"end":{"line":39,"column":22}},"locations":[{"start":{"line":38,"column":10},"end":{"line":39,"column":22}}]},"18":{"type":"branch","line":42,"loc":{"start":{"line":42,"column":24},"end":{"line":42,"column":45}},"locations":[{"start":{"line":42,"column":24},"end":{"line":42,"column":45}}]}},"b":{"0":[1],"1":[50],"2":[4],"3":[46],"4":[24],"5":[4],"6":[10],"7":[8],"8":[0],"9":[2],"10":[14],"11":[0],"12":[56],"13":[12],"14":[14],"15":[6],"16":[18],"17":[6],"18":[56]},"fnMap":{"0":{"name":"stringifyPlain","decl":{"start":{"line":3,"column":23},"end":{"line":17,"column":1}},"loc":{"start":{"line":3,"column":23},"end":{"line":17,"column":1}},"line":3},"1":{"name":"plain","decl":{"start":{"line":19,"column":14},"end":{"line":45,"column":1}},"loc":{"start":{"line":19,"column":14},"end":{"line":45,"column":1}},"line":19},"2":{"name":"iter","decl":{"start":{"line":20,"column":15},"end":{"line":43,"column":3}},"loc":{"start":{"line":20,"column":15},"end":{"line":43,"column":3}},"line":20}},"f":{"0":50,"1":2,"2":14}}
,"/Users/kripton/Desktop/js/frontend-project-lvl2/src/formatters/stringify.js": {"path":"/Users/kripton/Desktop/js/frontend-project-lvl2/src/formatters/stringify.js","all":false,"statementMap":{"0":{"start":{"line":1,"column":0},"end":{"line":1,"column":23}},"1":{"start":{"line":2,"column":0},"end":{"line":2,"column":0}},"2":{"start":{"line":3,"column":0},"end":{"line":3,"column":63}},"3":{"start":{"line":4,"column":0},"end":{"line":4,"column":41}},"4":{"start":{"line":5,"column":0},"end":{"line":5,"column":36}},"5":{"start":{"line":6,"column":0},"end":{"line":6,"column":31}},"6":{"start":{"line":7,"column":0},"end":{"line":7,"column":5}},"7":{"start":{"line":8,"column":0},"end":{"line":8,"column":0}},"8":{"start":{"line":9,"column":0},"end":{"line":9,"column":43}},"9":{"start":{"line":10,"column":0},"end":{"line":10,"column":58}},"10":{"start":{"line":11,"column":0},"end":{"line":11,"column":54}},"11":{"start":{"line":12,"column":0},"end":{"line":12,"column":24}},"12":{"start":{"line":13,"column":0},"end":{"line":13,"column":28}},"13":{"start":{"line":14,"column":0},"end":{"line":14,"column":78}},"14":{"start":{"line":15,"column":0},"end":{"line":15,"column":0}},"15":{"start":{"line":16,"column":0},"end":{"line":16,"column":12}},"16":{"start":{"line":17,"column":0},"end":{"line":17,"column":10}},"17":{"start":{"line":18,"column":0},"end":{"line":18,"column":15}},"18":{"start":{"line":19,"column":0},"end":{"line":19,"column":26}},"19":{"start":{"line":20,"column":0},"end":{"line":20,"column":17}},"20":{"start":{"line":21,"column":0},"end":{"line":21,"column":4}},"21":{"start":{"line":22,"column":0},"end":{"line":22,"column":0}},"22":{"start":{"line":23,"column":0},"end":{"line":23,"column":24}},"23":{"start":{"line":24,"column":0},"end":{"line":24,"column":2}},"24":{"start":{"line":25,"column":0},"end":{"line":25,"column":0}},"25":{"start":{"line":26,"column":0},"end":{"line":26,"column":25}}},"s":{"0":1,"1":1,"2":1,"3":80,"4":140,"5":102,"6":102,"7":38,"8":38,"9":38,"10":38,"11":38,"12":38,"13":38,"14":38,"15":38,"16":38,"17":38,"18":38,"19":38,"20":80,"21":80,"22":80,"23":1,"24":1,"25":1},"branchMap":{"0":{"type":"branch","line":1,"loc":{"start":{"line":1,"column":0},"end":{"line":26,"column":25}},"locations":[{"start":{"line":1,"column":0},"end":{"line":26,"column":25}}]},"1":{"type":"branch","line":3,"loc":{"start":{"line":3,"column":18},"end":{"line":24,"column":1}},"locations":[{"start":{"line":3,"column":18},"end":{"line":24,"column":1}}]},"2":{"type":"branch","line":4,"loc":{"start":{"line":4,"column":15},"end":{"line":21,"column":3}},"locations":[{"start":{"line":4,"column":15},"end":{"line":21,"column":3}}]},"3":{"type":"branch","line":5,"loc":{"start":{"line":5,"column":35},"end":{"line":7,"column":5}},"locations":[{"start":{"line":5,"column":35},"end":{"line":7,"column":5}}]},"4":{"type":"branch","line":8,"loc":{"start":{"line":8,"column":-1},"end":{"line":21,"column":2}},"locations":[{"start":{"line":8,"column":-1},"end":{"line":21,"column":2}}]},"5":{"type":"branch","line":14,"loc":{"start":{"line":14,"column":11},"end":{"line":14,"column":76}},"locations":[{"start":{"line":14,"column":11},"end":{"line":14,"column":76}}]}},"b":{"0":[1],"1":[80],"2":[140],"3":[102],"4":[38],"5":[60]},"fnMap":{"0":{"name":"stringify","decl":{"start":{"line":3,"column":18},"end":{"line":24,"column":1}},"loc":{"start":{"line":3,"column":18},"end":{"line":24,"column":1}},"line":3},"1":{"name":"iter","decl":{"start":{"line":4,"column":15},"end":{"line":21,"column":3}},"loc":{"start":{"line":4,"column":15},"end":{"line":21,"column":3}},"line":4}},"f":{"0":80,"1":140}}
,"/Users/kripton/Desktop/js/frontend-project-lvl2/src/formatters/stylish.js": {"path":"/Users/kripton/Desktop/js/frontend-project-lvl2/src/formatters/stylish.js","all":false,"statementMap":{"0":{"start":{"line":1,"column":0},"end":{"line":1,"column":23}},"1":{"start":{"line":2,"column":0},"end":{"line":2,"column":39}},"2":{"start":{"line":3,"column":0},"end":{"line":3,"column":0}},"3":{"start":{"line":4,"column":0},"end":{"line":4,"column":27}},"4":{"start":{"line":5,"column":0},"end":{"line":5,"column":50}},"5":{"start":{"line":6,"column":0},"end":{"line":6,"column":28}},"6":{"start":{"line":7,"column":0},"end":{"line":7,"column":23}},"7":{"start":{"line":8,"column":0},"end":{"line":8,"column":5}},"8":{"start":{"line":9,"column":0},"end":{"line":9,"column":25}},"9":{"start":{"line":10,"column":0},"end":{"line":10,"column":43}},"10":{"start":{"line":11,"column":0},"end":{"line":11,"column":54}},"11":{"start":{"line":12,"column":0},"end":{"line":12,"column":58}},"12":{"start":{"line":13,"column":0},"end":{"line":13,"column":56}},"13":{"start":{"line":14,"column":0},"end":{"line":14,"column":24}},"14":{"start":{"line":15,"column":0},"end":{"line":15,"column":20}},"15":{"start":{"line":16,"column":0},"end":{"line":16,"column":28}},"16":{"start":{"line":17,"column":0},"end":{"line":17,"column":43}},"17":{"start":{"line":18,"column":0},"end":{"line":18,"column":30}},"18":{"start":{"line":19,"column":0},"end":{"line":19,"column":76}},"19":{"start":{"line":20,"column":0},"end":{"line":20,"column":9}},"20":{"start":{"line":21,"column":0},"end":{"line":21,"column":67}},"21":{"start":{"line":22,"column":0},"end":{"line":22,"column":24}},"22":{"start":{"line":23,"column":0},"end":{"line":23,"column":23}},"23":{"start":{"line":24,"column":0},"end":{"line":24,"column":62}},"24":{"start":{"line":25,"column":0},"end":{"line":25,"column":21}},"25":{"start":{"line":26,"column":0},"end":{"line":26,"column":62}},"26":{"start":{"line":27,"column":0},"end":{"line":27,"column":27}},"27":{"start":{"line":28,"column":0},"end":{"line":28,"column":62}},"28":{"start":{"line":29,"column":0},"end":{"line":29,"column":25}},"29":{"start":{"line":30,"column":0},"end":{"line":30,"column":164}},"30":{"start":{"line":31,"column":0},"end":{"line":31,"column":18}},"31":{"start":{"line":32,"column":0},"end":{"line":32,"column":58}},"32":{"start":{"line":33,"column":0},"end":{"line":33,"column":9}},"33":{"start":{"line":34,"column":0},"end":{"line":34,"column":9}},"34":{"start":{"line":35,"column":0},"end":{"line":35,"column":12}},"35":{"start":{"line":36,"column":0},"end":{"line":36,"column":10}},"36":{"start":{"line":37,"column":0},"end":{"line":37,"column":15}},"37":{"start":{"line":38,"column":0},"end":{"line":38,"column":24}},"38":{"start":{"line":39,"column":0},"end":{"line":39,"column":17}},"39":{"start":{"line":40,"column":0},"end":{"line":40,"column":4}},"40":{"start":{"line":41,"column":0},"end":{"line":41,"column":23}},"41":{"start":{"line":42,"column":0},"end":{"line":42,"column":2}},"42":{"start":{"line":43,"column":0},"end":{"line":43,"column":0}},"43":{"start":{"line":44,"column":0},"end":{"line":44,"column":23}}},"s":{"0":1,"1":1,"2":1,"3":1,"4":2,"5":14,"6":0,"7":0,"8":14,"9":14,"10":14,"11":14,"12":14,"13":14,"14":14,"15":14,"16":56,"17":56,"18":12,"19":12,"20":44,"21":44,"22":56,"23":14,"24":56,"25":6,"26":56,"27":6,"28":56,"29":18,"30":56,"31":0,"32":56,"33":14,"34":14,"35":14,"36":14,"37":14,"38":14,"39":2,"40":2,"41":1,"42":1,"43":1},"branchMap":{"0":{"type":"branch","line":1,"loc":{"start":{"line":1,"column":0},"end":{"line":44,"column":23}},"locations":[{"start":{"line":1,"column":0},"end":{"line":44,"column":23}}]},"1":{"type":"branch","line":4,"loc":{"start":{"line":4,"column":16},"end":{"line":42,"column":1}},"locations":[{"start":{"line":4,"column":16},"end":{"line":42,"column":1}}]},"2":{"type":"branch","line":5,"loc":{"start":{"line":5,"column":15},"end":{"line":40,"column":3}},"locations":[{"start":{"line":5,"column":15},"end":{"line":40,"column":3}}]},"3":{"type":"branch","line":6,"loc":{"start":{"line":6,"column":27},"end":{"line":8,"column":5}},"locations":[{"start":{"line":6,"column":27},"end":{"line":8,"column":5}}]},"4":{"type":"branch","line":16,"loc":{"start":{"line":16,"column":11},"end":{"line":34,"column":7}},"locations":[{"start":{"line":16,"column":11},"end":{"line":34,"column":7}}]},"5":{"type":"branch","line":18,"loc":{"start":{"line":18,"column":29},"end":{"line":20,"column":9}},"locations":[{"start":{"line":18,"column":29},"end":{"line":20,"column":9}}]},"6":{"type":"branch","line":21,"loc":{"start":{"line":21,"column":-1},"end":{"line":23,"column":10}},"locations":[{"start":{"line":21,"column":-1},"end":{"line":23,"column":10}}]},"7":{"type":"branch","line":23,"loc":{"start":{"line":23,"column":10},"end":{"line":24,"column":62}},"locations":[{"start":{"line":23,"column":10},"end":{"line":24,"column":62}}]},"8":{"type":"branch","line":25,"loc":{"start":{"line":25,"column":10},"end":{"line":26,"column":62}},"locations":[{"start":{"line":25,"column":10},"end":{"line":26,"column":62}}]},"9":{"type":"branch","line":27,"loc":{"start":{"line":27,"column":10},"end":{"line":28,"column":62}},"locations":[{"start":{"line":27,"column":10},"end":{"line":28,"column":62}}]},"10":{"type":"branch","line":29,"loc":{"start":{"line":29,"column":10},"end":{"line":30,"column":164}},"locations":[{"start":{"line":29,"column":10},"end":{"line":30,"column":164}}]},"11":{"type":"branch","line":31,"loc":{"start":{"line":31,"column":10},"end":{"line":32,"column":58}},"locations":[{"start":{"line":31,"column":10},"end":{"line":32,"column":58}}]}},"b":{"0":[1],"1":[2],"2":[14],"3":[0],"4":[56],"5":[12],"6":[44],"7":[14],"8":[6],"9":[6],"10":[18],"11":[0]},"fnMap":{"0":{"name":"stylish","decl":{"start":{"line":4,"column":16},"end":{"line":42,"column":1}},"loc":{"start":{"line":4,"column":16},"end":{"line":42,"column":1}},"line":4},"1":{"name":"iter","decl":{"start":{"line":5,"column":15},"end":{"line":40,"column":3}},"loc":{"start":{"line":5,"column":15},"end":{"line":40,"column":3}},"line":5}},"f":{"0":2,"1":14}}
}
