TN:
SF:src/index.js
FN:5,isEqual
FN:37,filePath
FN:38,compare
FNF:3
FNH:3
FNDA:2,isEqual
FNDA:2,filePath
FNDA:1,compare
DA:1,1
DA:2,1
DA:3,1
DA:4,1
DA:5,1
DA:6,2
DA:7,2
DA:8,2
DA:9,2
DA:10,8
DA:11,2
DA:12,2
DA:13,2
DA:14,8
DA:15,8
DA:16,2
DA:17,2
DA:18,6
DA:19,2
DA:20,2
DA:21,6
DA:22,6
DA:23,2
DA:24,2
DA:25,2
DA:26,20
DA:27,8
DA:28,8
DA:29,20
DA:30,20
DA:31,2
DA:32,2
DA:33,2
DA:34,2
DA:35,2
DA:36,1
DA:37,1
DA:38,1
DA:39,1
DA:40,1
DA:41,1
DA:42,1
DA:43,1
DA:44,1
DA:45,1
LF:45
LH:45
BRDA:5,0,0,2
BRDA:9,1,0,8
BRDA:10,2,0,4
BRDA:10,3,0,2
BRDA:17,4,0,6
BRDA:18,5,0,4
BRDA:18,6,0,2
BRDA:25,7,0,20
BRDA:26,8,0,8
BRDA:37,9,0,2
BRDA:37,10,0,0
BRDA:38,11,0,1
BRF:12
BRH:11
end_of_record
